<?xml version="1.0" encoding="UTF-8"?>
<testsuite name="nl.tudelft.jpacman.board.OccupantTest" tests="3" skipped="0" failures="0" errors="0" timestamp="2023-04-25T09:47:30" hostname="LAPTOP-1IK9F399" time="0.257">
  <properties/>
  <testcase name="noStartSquare()" classname="nl.tudelft.jpacman.board.OccupantTest" time="0.196"/>
  <testcase name="testReoccupy()" classname="nl.tudelft.jpacman.board.OccupantTest" time="0.058"/>
  <testcase name="testOccupy()" classname="nl.tudelft.jpacman.board.OccupantTest" time="0.001"/>
  <system-out><![CDATA[]]></system-out>
  <system-err><![CDATA[]]></system-err>
</testsuite>
